\BOOKMARK [0][]{ustcchapter.1.0}{\376\377\134\001\227\142}{}% 1
\BOOKMARK [0][]{ustcchapter.2.0}{\376\377\000T\000i\000t\000l\000e\000\040\000p\000a\000g\000e}{}% 2
\BOOKMARK [0][]{ustcchapter.3.0}{\376\377\123\237\122\033\140\047\124\214\143\210\147\103\117\177\165\050\130\360\146\016}{}% 3
\BOOKMARK [0][]{ustcchapter.4.0}{\376\377\122\033\145\260\140\047\213\364\146\016}{}% 4
\BOOKMARK [0][]{ustcchapter.5.0}{\376\377\144\130\211\201}{}% 5
\BOOKMARK [0][]{ustcchapter.6.0}{\376\377\000A\000B\000S\000T\000R\000A\000C\000T}{}% 6
\BOOKMARK [0][]{ustcchapter.7.0}{\376\377\166\356\137\125}{}% 7
\BOOKMARK [0][]{chapter.1}{\376\377\173\054\0001\172\340\000\040\176\352\213\272}{}% 8
\BOOKMARK [1][-]{section.1.1}{\376\377\0001\000.\0001\000\040\123\005\126\364\121\340\117\125}{chapter.1}% 9
\BOOKMARK [1][-]{section.1.2}{\376\377\0001\000.\0002\000\040\123\005\126\364\121\340\117\125\121\205\166\204\146\040\134\004}{chapter.1}% 10
\BOOKMARK [1][-]{section.1.3}{\376\377\0001\000.\0003\000\040\123\005\126\364\121\340\117\125\121\205\166\204\146\040\134\004\147\204\220\040\166\356\150\007}{chapter.1}% 11
\BOOKMARK [2][-]{subsection.1.3.1}{\376\377\0001\000.\0003\000.\0001\000\040\130\363\172\172\225\364\116\055\166\204\146\040\134\004\377\032\123\314\134\004\140\047\116\016\121\111\156\321\140\047}{section.1.3}% 12
\BOOKMARK [2][-]{subsection.1.3.2}{\376\377\0001\000.\0003\000.\0002\000\040\173\074\172\172\225\364\116\055\166\204\146\040\134\004\377\032\121\161\137\142\140\047\060\001\142\155\146\362\143\247\122\066\116\016\217\271\165\114\143\247\122\066}{section.1.3}% 13
\BOOKMARK [1][-]{section.1.4}{\376\377\0001\000.\0004\000\040\147\054\145\207\121\205\133\271\116\016\176\323\147\204\133\211\143\222}{chapter.1}% 14
\BOOKMARK [0][]{chapter.2}{\376\377\173\054\0002\172\340\000\040\230\204\131\007\167\345\213\306\116\016\166\370\121\163\135\345\117\134}{}% 15
\BOOKMARK [1][-]{section.2.1}{\376\377\0002\000.\0001\000\040\230\204\131\007\167\345\213\306}{chapter.2}% 16
\BOOKMARK [2][-]{subsection.2.1.1}{\376\377\0002\000.\0001\000.\0001\000\040\136\177\116\111\176\325\145\160}{section.2.1}% 17
\BOOKMARK [2][-]{subsection.2.1.2}{\376\377\0002\000.\0001\000.\0002\000\040\147\357\211\177\123\330\143\142\116\016\165\131\145\160\133\232\164\006}{section.2.1}% 18
\BOOKMARK [2][-]{subsection.2.1.3}{\376\377\0002\000.\0001\000.\0003\000\040\123\314\214\003\124\010\145\271\172\013}{section.2.1}% 19
\BOOKMARK [2][-]{subsection.2.1.4}{\376\377\0002\000.\0001\000.\0004\000\040\136\177\116\111\221\315\137\303\127\120\150\007}{section.2.1}% 20
\BOOKMARK [2][-]{subsection.2.1.5}{\376\377\0002\000.\0001\000.\0005\000\040\130\363\172\172\225\364\116\016\123\314\134\004\142\225\137\161}{section.2.1}% 21
\BOOKMARK [1][-]{section.2.2}{\376\377\0002\000.\0002\000\040\166\370\121\163\135\345\117\134}{chapter.2}% 22
\BOOKMARK [2][-]{subsection.2.2.1}{\376\377\0002\000.\0002\000.\0001\000\040\123\005\124\053\147\345\213\342}{section.2.2}% 23
\BOOKMARK [2][-]{subsection.2.2.2}{\376\377\0002\000.\0002\000.\0002\000\040\123\005\126\364\121\340\117\125\165\037\142\020\116\016\136\224\165\050}{section.2.2}% 24
\BOOKMARK [2][-]{subsection.2.2.3}{\376\377\0002\000.\0002\000.\0003\000\040\136\177\116\111\221\315\137\303\127\120\150\007}{section.2.2}% 25
\BOOKMARK [1][-]{section.2.3}{\376\377\0002\000.\0003\000\040\147\054\172\340\134\017\176\323}{chapter.2}% 26
\BOOKMARK [0][]{chapter.3}{\376\377\173\054\0003\172\340\000\040\232\330\145\110\234\201\150\322\166\204\123\005\126\364\121\340\117\125\166\204\121\205\131\026\122\044\145\255}{}% 27
\BOOKMARK [1][-]{section.3.1}{\376\377\0003\000.\0001\000\040\151\202\217\360}{chapter.3}% 28
\BOOKMARK [1][-]{section.3.2}{\376\377\0003\000.\0002\000\040\147\011\164\006\146\362\176\277\166\204\136\177\116\111\163\257\176\325\145\160}{chapter.3}% 29
\BOOKMARK [2][-]{subsection.3.2.1}{\376\377\0003\000.\0002\000.\0001\000\040\123\302\145\160\171\357\122\006\137\142\137\017}{section.3.2}% 30
\BOOKMARK [2][-]{subsection.3.2.2}{\376\377\0003\000.\0002\000.\0002\000\040\000B\000\351\000z\000i\000e\000r\000\040\146\362\176\277\136\177\116\111\163\257\176\325\145\160\166\204\225\355\137\017\210\150\217\276}{section.3.2}% 31
\BOOKMARK [2][-]{subsection.3.2.3}{\376\377\0003\000.\0002\000.\0003\000\040\217\271\165\114\116\012\166\204\000\040\000G\000W\000N}{section.3.2}% 32
\BOOKMARK [2][-]{subsection.3.2.4}{\376\377\0003\000.\0002\000.\0004\000\040\000G\000W\000N\000\040\166\204\133\374\145\160}{section.3.2}% 33
\BOOKMARK [1][-]{section.3.3}{\376\377\0003\000.\0003\000\040\133\236\232\214\116\016\213\304\117\060}{chapter.3}% 34
\BOOKMARK [1][-]{section.3.4}{\376\377\0003\000.\0004\000\040\147\054\172\340\134\017\176\323}{chapter.3}% 35
\BOOKMARK [0][]{chapter.4}{\376\377\173\054\0004\172\340\000\040\130\363\172\172\225\364\121\205\166\204\121\111\156\321\123\314\134\004\142\225\137\161}{}% 36
\BOOKMARK [1][-]{section.4.1}{\376\377\0004\000.\0001\000\040\151\202\217\360}{chapter.4}% 37
\BOOKMARK [1][-]{section.4.2}{\376\377\0004\000.\0002\000\040\232\330\226\066\130\363}{chapter.4}% 38
\BOOKMARK [2][-]{subsection.4.2.1}{\376\377\0004\000.\0002\000.\0001\000\040\133\232\116\111}{section.4.2}% 39
\BOOKMARK [2][-]{subsection.4.2.2}{\376\377\0004\000.\0002\000.\0002\000\040\147\204\220\040}{section.4.2}% 40
\BOOKMARK [2][-]{subsection.4.2.3}{\376\377\0004\000.\0002\000.\0003\000\040\123\314\134\004\142\225\137\161}{section.4.2}% 41
\BOOKMARK [1][-]{section.4.3}{\376\377\0004\000.\0003\000\040\232\330\226\066\130\363\147\204\220\040}{chapter.4}% 42
\BOOKMARK [2][-]{subsection.4.3.1}{\376\377\0004\000.\0003\000.\0001\000\040\225\356\230\230\116\016\145\271\154\325}{section.4.3}% 43
\BOOKMARK [2][-]{subsection.4.3.2}{\376\377\0004\000.\0003\000.\0002\000\040\173\227\154\325\176\306\202\202}{section.4.3}% 44
\BOOKMARK [2][-]{subsection.4.3.3}{\376\377\0004\000.\0003\000.\0003\000\040\123\330\117\123}{section.4.3}% 45
\BOOKMARK [1][-]{section.4.4}{\376\377\0004\000.\0004\000\040\232\330\226\066\130\363\116\055\166\204\134\136\140\047\117\040\220\022}{chapter.4}% 46
\BOOKMARK [1][-]{section.4.5}{\376\377\0004\000.\0005\000\040\133\236\232\214\116\016\213\304\117\060}{chapter.4}% 47
\BOOKMARK [1][-]{section.4.6}{\376\377\0004\000.\0006\000\040\147\054\172\340\134\017\176\323}{chapter.4}% 48
\BOOKMARK [0][]{chapter.5}{\376\377\173\054\0005\172\340\000\040\173\074\172\172\225\364\116\055\166\204\211\343\147\220\166\204\232\330\226\066\147\357\211\177\127\120\150\007}{}% 49
\BOOKMARK [1][-]{section.5.1}{\376\377\0005\000.\0001\000\040\151\202\217\360}{chapter.5}% 50
\BOOKMARK [1][-]{section.5.2}{\376\377\0005\000.\0002\000\040\232\330\226\066\147\357\211\177\127\120\150\007}{chapter.5}% 51
\BOOKMARK [2][-]{subsection.5.2.1}{\376\377\0005\000.\0002\000.\0001\000\040\126\336\230\176\000\040\000C\000a\000u\000c\000h\000y\000\040\127\120\150\007}{section.5.2}% 52
\BOOKMARK [2][-]{subsection.5.2.2}{\376\377\0005\000.\0002\000.\0002\000\040\232\330\226\066\173\074\116\012\166\204\116\214\176\364\000\040\000C\000a\000u\000c\000h\000y\000\040\127\120\150\007\123\312\121\166\133\374\145\160}{section.5.2}% 53
\BOOKMARK [2][-]{subsection.5.2.3}{\376\377\0005\000.\0002\000.\0003\000\040\225\355\137\017\211\343}{section.5.2}% 54
\BOOKMARK [2][-]{subsection.5.2.4}{\376\377\0005\000.\0002\000.\0004\000\040\142\151\134\125}{section.5.2}% 55
\BOOKMARK [2][-]{subsection.5.2.5}{\376\377\0005\000.\0002\000.\0005\000\040\133\236\163\260\176\306\202\202}{section.5.2}% 56
\BOOKMARK [1][-]{section.5.3}{\376\377\0005\000.\0003\000\040\133\236\232\214\116\016\213\304\117\060}{chapter.5}% 57
\BOOKMARK [1][-]{section.5.4}{\376\377\0005\000.\0004\000\040\147\054\172\340\134\017\176\323}{chapter.5}% 58
\BOOKMARK [0][]{chapter.6}{\376\377\173\054\0006\172\340\000\040\173\074\172\172\225\364\116\055\166\204\123\112\211\343\147\220\123\112\145\160\120\074\166\204\232\330\226\066\123\314\214\003\124\214\127\120\150\007}{}% 59
\BOOKMARK [1][-]{section.6.1}{\376\377\0006\000.\0001\000\040\151\202\217\360}{chapter.6}% 60
\BOOKMARK [1][-]{section.6.2}{\376\377\0006\000.\0002\000\040\232\330\226\066\123\314\214\003\124\010\127\120\150\007}{chapter.6}% 61
\BOOKMARK [2][-]{subsection.6.2.1}{\376\377\0006\000.\0002\000.\0001\000\040\217\271\165\114\121\103\145\271\154\325}{section.6.2}% 62
\BOOKMARK [2][-]{subsection.6.2.2}{\376\377\0006\000.\0002\000.\0002\000\040\131\032\230\171\137\017\123\314\214\003\124\214\127\120\150\007}{section.6.2}% 63
\BOOKMARK [2][-]{subsection.6.2.3}{\376\377\0006\000.\0002\000.\0003\000\040\123\330\137\142\143\247\122\066}{section.6.2}% 64
\BOOKMARK [1][-]{section.6.3}{\376\377\0006\000.\0003\000\040\133\236\232\214\116\016\213\304\117\060}{chapter.6}% 65
\BOOKMARK [1][-]{section.6.4}{\376\377\0006\000.\0004\000\040\147\054\172\340\134\017\176\323}{chapter.6}% 66
\BOOKMARK [0][]{chapter.7}{\376\377\173\054\0007\172\340\000\040\140\073\176\323\116\016\134\125\147\033}{}% 67
\BOOKMARK [1][-]{section.7.1}{\376\377\0007\000.\0001\000\040\147\054\145\207\135\345\117\134\140\073\176\323}{chapter.7}% 68
\BOOKMARK [1][-]{section.7.2}{\376\377\0007\000.\0002\000\040\147\052\147\145\135\345\117\134\134\125\147\033}{chapter.7}% 69
\BOOKMARK [0][]{chapter*.173}{\376\377\201\364\214\042}{}% 70
\BOOKMARK [0][]{chapter*.174}{\376\377\127\050\213\373\147\037\225\364\123\326\137\227\166\204\171\321\170\024\142\020\147\234}{}% 71
